2024-05-25 11:57:57.881480: Successfully backed up to L:/DoBackupNow/Cartoes\backup_20240525115757.7z from ['I:\\Cart√µes fotos&flashes']
2024-05-25 11:57:57.947501: No files modified since the last backup from the H:\Material para postagem(√°lbum debutante ensaio).
2024-05-25 11:57:57.947501: No files modified since the last backup from the I:\Material para postagens foto filmagem.
2024-05-25 11:57:59.469263: Successfully backed up to L:/DoBackupNow2\backup_20240525115757.7z from ['I:/Cartıes fotos&flashes']
2024-05-25 12:03:16.163402: Successfully backed up to L:/DoBackupNow/Cartoes\Group 1\backup_20240525120316.7z from ['I:\\Cart√µes fotos&flashes']
2024-05-25 12:03:16.186069: No files modified since the last backup from the H:\Material para postagem(√°lbum debutante ensaio).
2024-05-25 12:03:16.187069: No files modified since the last backup from the I:\Material para postagens foto filmagem.
2024-05-25 12:03:17.437953: Successfully backed up to L:/DoBackupNow2\CartoesFotos&Flashes\backup_20240525120316.7z from ['I:/Cartıes fotos&flashes']
2024-05-25 12:07:44.724151: Successfully backed up to L:/DoBackupNow2\CartoesFotos&Flashes\backup_20240525120743.7z from ['I:/Cartıes fotos&flashes']
2024-05-25 12:08:18.385842: Successfully backed up to L:/DoBackupNow2\CartoesFotos&Flashes\backup_20240525120817.7z from ['I:/Cartıes fotos&flashes']
2024-05-25 12:08:32.927100: Successfully backed up to L:/DoBackupNow2\CartoesFotos&Flashes\backup_20240525120831.7z from ['I:/Cartıes fotos&flashes']
2024-05-25 12:08:47.593772: Successfully backed up to L:/DoBackupNow2\CartoesFotos&Flashes\backup_20240525120846.7z from ['I:/Cartıes fotos&flashes']
2024-05-25 12:09:00.093417: Successfully backed up to L:/DoBackupNow2\CartoesFotos&Flashes\backup_20240525120858.7z from ['I:/Cartıes fotos&flashes']
2024-05-25 12:19:07.882801: No files modified since the last backup from the I:/Cartıes fotos&flashes.
2024-05-25 12:19:12.926725: No files modified since the last backup from the I:/Cartıes fotos&flashes.
2024-05-25 12:19:32.704849: No files modified since the last backup from the I:/Cartıes fotos&flashes.
2024-05-25 12:20:11.476576: No files modified since the last backup from the I:/Cartıes fotos&flashes.
2024-05-25 12:44:50.652056: Successfully backed up to L:/DoBackupNow2\CartoesFotos&Flashes\backup_20240525124449.7z for group CartoesFotos&Flashes
2024-10-29 10:59:25.914041: No files modified since the last backup for group CartoesFotos&Flashes.
2024-10-29 11:00:04.951937: No files modified since the last backup for group CartoesFotos&Flashes.
2024-10-29 11:06:55.691825: No files modified since the last backup for group CartoesFotos&Flashes.
2024-10-29 11:07:39.669379: No files modified since the last backup for group CartoesFotos&Flashes.
2024-10-29 11:10:41.208908: Successfully backed up to L:/DoBackupNow/Material\Material Postagem\backup_20241029110758.7z for group Material Postagem
2024-10-29 16:35:33.164252: Error during backup for group Teste de Backup: Command '"C:/Program Files/7-Zip/7z.exe" a "C:/Projetos/TesteKYDS\Teste de Backup\backup_20241029163532.7z" "E:/Estudos/MemoriaAtiva/python/app\main.py" "E:/Estudos/MemoriaAtiva/python/app\Memoria_Ativa\.gitignore" "E:/Estudos/MemoriaAtiva/python/app\Memoria_Ativa\README.md" "E:/Estudos/MemoriaAtiva/python/app\Memoria_Ativa\.git\config" "E:/Estudos/MemoriaAtiva/python/app\Memoria_Ativa\.git\description" "E:/Estudos/MemoriaAtiva/python/app\Memoria_Ativa\.git\HEAD" "E:/Estudos/MemoriaAtiva/python/app\Memoria_Ativa\.git\index" "E:/Estudos/MemoriaAtiva/python/app\Memoria_Ativa\.git\packed-refs" "E:/Estudos/MemoriaAtiva/python/app\Memoria_Ativa\.git\hooks\applypatch-msg.sample" "E:/Estudos/MemoriaAtiva/python/app\Memoria_Ativa\.git\hooks\commit-msg.sample" "E:/Estudos/MemoriaAtiva/python/app\Memoria_Ativa\.git\hooks\fsmonitor-watchman.sample" "E:/Estudos/MemoriaAtiva/python/app\Memoria_Ativa\.git\hooks\post-update.sample" "E:/Estudos/MemoriaAtiva/python/app\Memoria_Ativa\.git\hooks\pre-applypatch.sample" "E:/Estudos/MemoriaAtiva/python/app\Memoria_Ativa\.git\hooks\pre-commit.sample" "E:/Estudos/MemoriaAtiva/python/app\Memoria_Ativa\.git\hooks\pre-merge-commit.sample" "E:/Estudos/MemoriaAtiva/python/app\Memoria_Ativa\.git\hooks\pre-push.sample" "E:/Estudos/MemoriaAtiva/python/app\Memoria_Ativa\.git\hooks\pre-rebase.sample" "E:/Estudos/MemoriaAtiva/python/app\Memoria_Ativa\.git\hooks\pre-receive.sample" "E:/Estudos/MemoriaAtiva/python/app\Memoria_Ativa\.git\hooks\prepare-commit-msg.sample" "E:/Estudos/MemoriaAtiva/python/app\Memoria_Ativa\.git\hooks\push-to-checkout.sample" "E:/Estudos/MemoriaAtiva/python/app\Memoria_Ativa\.git\hooks\sendemail-validate.sample" "E:/Estudos/MemoriaAtiva/python/app\Memoria_Ativa\.git\hooks\update.sample" "E:/Estudos/MemoriaAtiva/python/app\Memoria_Ativa\.git\info\exclude" "E:/Estudos/MemoriaAtiva/python/app\Memoria_Ativa\.git\logs\HEAD" "E:/Estudos/MemoriaAtiva/python/app\Memoria_Ativa\.git\logs\refs\heads\main" "E:/Estudos/MemoriaAtiva/python/app\Memoria_Ativa\.git\logs\refs\remotes\origin\HEAD" "E:/Estudos/MemoriaAtiva/python/app\Memoria_Ativa\.git\objects\pack\pack-334be58b0e17b43dbfd4338b5d743c51d8d50c7e.idx" "E:/Estudos/MemoriaAtiva/python/app\Memoria_Ativa\.git\objects\pack\pack-334be58b0e17b43dbfd4338b5d743c51d8d50c7e.pack" "E:/Estudos/MemoriaAtiva/python/app\Memoria_Ativa\.git\objects\pack\pack-334be58b0e17b43dbfd4338b5d743c51d8d50c7e.rev" "E:/Estudos/MemoriaAtiva/python/app\Memoria_Ativa\.git\refs\heads\main" "E:/Estudos/MemoriaAtiva/python/app\Memoria_Ativa\.git\refs\remotes\origin\HEAD"' returned non-zero exit status 2.
2024-10-29 16:36:23.723846: No files modified since the last backup for group Teste de Backup.
2024-10-29 16:36:35.814314: No files modified since the last backup for group Teste de Backup.
2024-10-29 16:37:37.454186: No files modified since the last backup for group Teste de Backup.
2024-10-29 16:37:50.327861: No files modified since the last backup for group Teste de Backup.
2024-10-31 07:39:31.528209: Error during backup for group Teste de Backup: Command '"C:/Program Files/7-Zip/7z.exe" a "C:/Projetos/TesteKYDS\Teste de Backup\backup_20241031073931.7z" "E:/Estudos/MemoriaAtiva/python/app\main.py" "E:/Estudos/MemoriaAtiva/python/app\Memoria_Ativa\.gitignore" "E:/Estudos/MemoriaAtiva/python/app\Memoria_Ativa\README.md" "E:/Estudos/MemoriaAtiva/python/app\Memoria_Ativa\.git\config" "E:/Estudos/MemoriaAtiva/python/app\Memoria_Ativa\.git\description" "E:/Estudos/MemoriaAtiva/python/app\Memoria_Ativa\.git\HEAD" "E:/Estudos/MemoriaAtiva/python/app\Memoria_Ativa\.git\index" "E:/Estudos/MemoriaAtiva/python/app\Memoria_Ativa\.git\packed-refs" "E:/Estudos/MemoriaAtiva/python/app\Memoria_Ativa\.git\hooks\applypatch-msg.sample" "E:/Estudos/MemoriaAtiva/python/app\Memoria_Ativa\.git\hooks\commit-msg.sample" "E:/Estudos/MemoriaAtiva/python/app\Memoria_Ativa\.git\hooks\fsmonitor-watchman.sample" "E:/Estudos/MemoriaAtiva/python/app\Memoria_Ativa\.git\hooks\post-update.sample" "E:/Estudos/MemoriaAtiva/python/app\Memoria_Ativa\.git\hooks\pre-applypatch.sample" "E:/Estudos/MemoriaAtiva/python/app\Memoria_Ativa\.git\hooks\pre-commit.sample" "E:/Estudos/MemoriaAtiva/python/app\Memoria_Ativa\.git\hooks\pre-merge-commit.sample" "E:/Estudos/MemoriaAtiva/python/app\Memoria_Ativa\.git\hooks\pre-push.sample" "E:/Estudos/MemoriaAtiva/python/app\Memoria_Ativa\.git\hooks\pre-rebase.sample" "E:/Estudos/MemoriaAtiva/python/app\Memoria_Ativa\.git\hooks\pre-receive.sample" "E:/Estudos/MemoriaAtiva/python/app\Memoria_Ativa\.git\hooks\prepare-commit-msg.sample" "E:/Estudos/MemoriaAtiva/python/app\Memoria_Ativa\.git\hooks\push-to-checkout.sample" "E:/Estudos/MemoriaAtiva/python/app\Memoria_Ativa\.git\hooks\sendemail-validate.sample" "E:/Estudos/MemoriaAtiva/python/app\Memoria_Ativa\.git\hooks\update.sample" "E:/Estudos/MemoriaAtiva/python/app\Memoria_Ativa\.git\info\exclude" "E:/Estudos/MemoriaAtiva/python/app\Memoria_Ativa\.git\logs\HEAD" "E:/Estudos/MemoriaAtiva/python/app\Memoria_Ativa\.git\logs\refs\heads\main" "E:/Estudos/MemoriaAtiva/python/app\Memoria_Ativa\.git\logs\refs\remotes\origin\HEAD" "E:/Estudos/MemoriaAtiva/python/app\Memoria_Ativa\.git\objects\pack\pack-334be58b0e17b43dbfd4338b5d743c51d8d50c7e.idx" "E:/Estudos/MemoriaAtiva/python/app\Memoria_Ativa\.git\objects\pack\pack-334be58b0e17b43dbfd4338b5d743c51d8d50c7e.pack" "E:/Estudos/MemoriaAtiva/python/app\Memoria_Ativa\.git\objects\pack\pack-334be58b0e17b43dbfd4338b5d743c51d8d50c7e.rev" "E:/Estudos/MemoriaAtiva/python/app\Memoria_Ativa\.git\refs\heads\main" "E:/Estudos/MemoriaAtiva/python/app\Memoria_Ativa\.git\refs\remotes\origin\HEAD"' returned non-zero exit status 2.
2024-10-31 08:13:56.658544: Successfully backed up to C:/Projetos/TesteKYDS\Teste de Backup\backup_20241031081315.7z for group Teste de Backup
2024-10-31 08:15:16.001472: No files modified since the last backup for group Teste de Backup.
2024-10-31 08:16:38.840496: No files modified since the last backup for group Teste de Backup.
2024-10-31 08:19:36.642231: Successfully backed up to C:/Projetos/TesteKYDS\Teste de Backup\backup_20241031081853.7z for group Teste de Backup
